<?xml version="1.0" encoding="UTF-8" ?>
<beans xmlns="http://www.springframework.org/schema/beans"
       xmlns:xsi="http://www.w3.org/2001/XMLSchema-instance"
       xsi:schemaLocation="http://www.springframework.org/schema/beans
       http://www.springframework.org/schema/beans/spring-beans.xsd">
    

    <bean id="namedParameterJdbcTemplate" class="org.springframework.jdbc.core.namedparam.NamedParameterJdbcTemplate">
        <constructor-arg ref="dataSource"/>
    </bean>

    <bean id="jdbcTemplate" class="org.springframework.jdbc.core.JdbcTemplate">
        <constructor-arg ref="dataSource"/>
    </bean>

    <bean id="customerDao" class="by.brest.karas.dao.jdbc.CustomerDaoJdbc">
        <constructor-arg ref="namedParameterJdbcTemplate"/>
    </bean>

    <bean id="productDao" class="by.brest.karas.dao.jdbc.ProductDaoJdbc">
        <constructor-arg ref="namedParameterJdbcTemplate"/>
    </bean>

    <bean id="cartRecordDao" class="by.brest.karas.dao.jdbc.CartRecordDaoJdbc">
        <constructor-arg ref="namedParameterJdbcTemplate"/>
    </bean>

    <bean id="cartLineDao" class="by.brest.karas.dao.jdbc.CartLineDaoJdbc">
        <constructor-arg ref="namedParameterJdbcTemplate"/>
        <constructor-arg ref="jdbcTemplate"/>
    </bean>

</beans>